2023-10-16 21:07:59,560 ERROR    root            (gcloud) Command name argument expected.
2023-10-16 21:07:59,561 DEBUG    root            No implementation for release track [GA] for element: [/home/as/cac/fileupload/lib/surface/dlp]
2023-10-16 21:07:59,562 DEBUG    root            Loaded Command Group: ['gcloud', 'projects']
2023-10-16 21:07:59,564 DEBUG    root            No implementation for release track [GA] for element: [/home/as/cac/fileupload/lib/surface/bq]
2023-10-16 21:07:59,564 DEBUG    root            Loaded Command Group: ['gcloud', 'pubsub']
2023-10-16 21:07:59,569 DEBUG    root            Loaded Command Group: ['gcloud', 'docker']
2023-10-16 21:07:59,571 DEBUG    root            Loaded Command Group: ['gcloud', 'ai']
2023-10-16 21:07:59,572 DEBUG    root            Loaded Command Group: ['gcloud', 'vmware']
2023-10-16 21:07:59,573 DEBUG    root            Loaded Command Group: ['gcloud', 'tasks']
2023-10-16 21:07:59,613 DEBUG    root            Loaded Command Group: ['gcloud', 'api_gateway']
2023-10-16 21:07:59,615 DEBUG    root            No implementation for release track [GA] for element: [/home/as/cac/fileupload/lib/surface/trace]
2023-10-16 21:07:59,615 DEBUG    root            No implementation for release track [GA] for element: [/home/as/cac/fileupload/lib/surface/workstations]
2023-10-16 21:07:59,616 DEBUG    root            Loaded Command Group: ['gcloud', 'datastore']
2023-10-16 21:07:59,617 DEBUG    root            Loaded Command Group: ['gcloud', 'identity']
2023-10-16 21:07:59,618 DEBUG    root            No implementation for release track [GA] for element: [/home/as/cac/fileupload/lib/surface/lifesciences]
2023-10-16 21:07:59,618 DEBUG    root            No implementation for release track [GA] for element: [/home/as/cac/fileupload/lib/surface/resource_config]
2023-10-16 21:07:59,619 DEBUG    root            Loaded Command Group: ['gcloud', 'dns']
2023-10-16 21:07:59,620 DEBUG    root            Loaded Command Group: ['gcloud', 'privateca']
2023-10-16 21:07:59,622 DEBUG    root            Loaded Command Group: ['gcloud', 'network_connectivity']
2023-10-16 21:07:59,623 DEBUG    root            Loaded Command Group: ['gcloud', 'organizations']
2023-10-16 21:07:59,625 DEBUG    root            Loaded Command Group: ['gcloud', 'recommender']
2023-10-16 21:07:59,626 DEBUG    root            Loaded Command Group: ['gcloud', 'workflows']
2023-10-16 21:07:59,627 DEBUG    root            Loaded Command Group: ['gcloud', 'org_policies']
2023-10-16 21:07:59,628 DEBUG    root            Loaded Command Group: ['gcloud', 'workspace_add_ons']
2023-10-16 21:07:59,630 DEBUG    root            No implementation for release track [GA] for element: [/home/as/cac/fileupload/lib/surface/data_fusion]
2023-10-16 21:07:59,838 DEBUG    root            No implementation for release track [GA] for element: [/home/as/cac/fileupload/lib/surface/interactive]
2023-10-16 21:07:59,839 DEBUG    root            Loaded Command Group: ['gcloud', 'assured']
2023-10-16 21:07:59,840 DEBUG    root            Loaded Command Group: ['gcloud', 'firebase']
2023-10-16 21:07:59,841 DEBUG    root            Loaded Command Group: ['gcloud', 'ai_platform']
2023-10-16 21:07:59,843 DEBUG    root            Loaded Command Group: ['gcloud', 'cloud_shell']
2023-10-16 21:07:59,844 DEBUG    root            Loaded Command Group: ['gcloud', 'logging']
2023-10-16 21:07:59,845 DEBUG    root            Loaded Command Group: ['gcloud', 'topic']
2023-10-16 21:07:59,846 DEBUG    root            Loaded Command Group: ['gcloud', 'iap']
2023-10-16 21:07:59,848 DEBUG    root            Loaded Command Group: ['gcloud', 'eventarc']
2023-10-16 21:07:59,849 DEBUG    root            Loaded Command Group: ['gcloud', 'dataplex']
2023-10-16 21:07:59,851 DEBUG    root            Loaded Command Group: ['gcloud', 'data_catalog']
2023-10-16 21:07:59,852 DEBUG    root            No implementation for release track [GA] for element: [/home/as/cac/fileupload/lib/surface/terraform]
2023-10-16 21:07:59,852 DEBUG    root            Loaded Command Group: ['gcloud', 'ids']
2023-10-16 21:07:59,860 DEBUG    root            Loaded Command Group: ['gcloud', 'help']
2023-10-16 21:07:59,862 DEBUG    root            Loaded Command Group: ['gcloud', 'notebooks']
2023-10-16 21:07:59,863 DEBUG    root            Loaded Command Group: ['gcloud', 'edge_cloud']
2023-10-16 21:07:59,865 DEBUG    root            Loaded Command Group: ['gcloud', 'services']
2023-10-16 21:07:59,867 DEBUG    root            Loaded Command Group: ['gcloud', 'emulators']
2023-10-16 21:07:59,868 DEBUG    root            No implementation for release track [GA] for element: [/home/as/cac/fileupload/lib/surface/publicca]
2023-10-16 21:07:59,869 DEBUG    root            Loaded Command Group: ['gcloud', 'resource_settings']
2023-10-16 21:07:59,870 DEBUG    root            Loaded Command Group: ['gcloud', 'artifacts']
2023-10-16 21:07:59,872 DEBUG    root            Loaded Command Group: ['gcloud', 'filestore']
2023-10-16 21:07:59,876 DEBUG    root            Loaded Command Group: ['gcloud', 'functions']
2023-10-16 21:07:59,877 DEBUG    root            Loaded Command Group: ['gcloud', 'iam']
2023-10-16 21:07:59,879 DEBUG    root            Loaded Command Group: ['gcloud', 'monitoring']
2023-10-16 21:07:59,881 DEBUG    root            Loaded Command Group: ['gcloud', 'policy_troubleshoot']
2023-10-16 21:07:59,883 DEBUG    root            Loaded Command Group: ['gcloud', 'secrets']
2023-10-16 21:07:59,885 DEBUG    root            Loaded Command Group: ['gcloud', 'network_management']
2023-10-16 21:07:59,953 DEBUG    root            No implementation for release track [GA] for element: [/home/as/cac/fileupload/lib/surface/events]
2023-10-16 21:07:59,956 DEBUG    root            Loaded Command Group: ['gcloud', 'builds']
2023-10-16 21:07:59,959 DEBUG    root            Loaded Command Group: ['gcloud', 'config']
2023-10-16 21:07:59,962 DEBUG    root            Loaded Command Group: ['gcloud', 'datastream']
2023-10-16 21:07:59,964 DEBUG    root            Loaded Command Group: ['gcloud', 'app']
2023-10-16 21:08:00,052 DEBUG    root            Loaded Command Group: ['gcloud', 'compute']
2023-10-16 21:08:00,054 DEBUG    root            Loaded Command Group: ['gcloud', 'transcoder']
2023-10-16 21:08:00,056 DEBUG    root            Loaded Command Group: ['gcloud', 'edge_cache']
2023-10-16 21:08:00,057 DEBUG    root            Loaded Command Group: ['gcloud', 'kms']
2023-10-16 21:08:00,058 DEBUG    root            Loaded Command Group: ['gcloud', 'resource_manager']
2023-10-16 21:08:00,059 DEBUG    root            No implementation for release track [GA] for element: [/home/as/cac/fileupload/lib/surface/beyondcorp]
2023-10-16 21:08:00,070 DEBUG    root            Loaded Command Group: ['gcloud', 'info']
2023-10-16 21:08:00,071 DEBUG    root            Loaded Command Group: ['gcloud', 'version']
2023-10-16 21:08:00,072 DEBUG    root            No implementation for release track [GA] for element: [/home/as/cac/fileupload/lib/surface/dialogflow]
2023-10-16 21:08:00,073 DEBUG    root            Loaded Command Group: ['gcloud', 'scc']
2023-10-16 21:08:00,074 DEBUG    root            Loaded Command Group: ['gcloud', 'cheat_sheet']
2023-10-16 21:08:00,075 DEBUG    root            Loaded Command Group: ['gcloud', 'components']
2023-10-16 21:08:00,076 DEBUG    root            No implementation for release track [GA] for element: [/home/as/cac/fileupload/lib/surface/genomics]
2023-10-16 21:08:00,082 DEBUG    root            Loaded Command Group: ['gcloud', 'init']
2023-10-16 21:08:00,083 DEBUG    root            No implementation for release track [GA] for element: [/home/as/cac/fileupload/lib/surface/remote_build_execution]
2023-10-16 21:08:00,084 DEBUG    root            No implementation for release track [GA] for element: [/home/as/cac/fileupload/lib/surface/error_reporting]
2023-10-16 21:08:00,084 DEBUG    root            Loaded Command Group: ['gcloud', 'dataproc']
2023-10-16 21:08:00,086 DEBUG    root            Loaded Command Group: ['gcloud', 'database_migration']
2023-10-16 21:08:00,087 DEBUG    root            Loaded Command Group: ['gcloud', 'anthos']
2023-10-16 21:08:00,088 DEBUG    root            Loaded Command Group: ['gcloud', 'billing']
2023-10-16 21:08:00,090 DEBUG    root            Loaded Command Group: ['gcloud', 'policy_intelligence']
2023-10-16 21:08:00,091 DEBUG    root            Loaded Command Group: ['gcloud', 'network_security']
2023-10-16 21:08:00,092 DEBUG    root            Loaded Command Group: ['gcloud', 'memcache']
2023-10-16 21:08:00,093 DEBUG    root            No implementation for release track [GA] for element: [/home/as/cac/fileupload/lib/surface/blueprints]
2023-10-16 21:08:00,094 DEBUG    root            Loaded Command Group: ['gcloud', 'debug']
2023-10-16 21:08:00,098 DEBUG    root            Loaded Command Group: ['gcloud', 'feedback']
2023-10-16 21:08:00,099 DEBUG    root            No implementation for release track [GA] for element: [/home/as/cac/fileupload/lib/surface/datapipelines]
2023-10-16 21:08:00,100 DEBUG    root            Loaded Command Group: ['gcloud', 'iot']
2023-10-16 21:08:00,101 DEBUG    root            No implementation for release track [GA] for element: [/home/as/cac/fileupload/lib/surface/alloydb]
2023-10-16 21:08:00,101 DEBUG    root            Loaded Command Group: ['gcloud', 'asset']
2023-10-16 21:08:00,103 DEBUG    root            Loaded Command Group: ['gcloud', 'transfer']
2023-10-16 21:08:00,104 DEBUG    root            Loaded Command Group: ['gcloud', 'domains']
2023-10-16 21:08:00,105 DEBUG    root            Loaded Command Group: ['gcloud', 'run']
2023-10-16 21:08:00,107 DEBUG    root            Loaded Command Group: ['gcloud', 'apigee']
2023-10-16 21:08:00,108 DEBUG    root            Loaded Command Group: ['gcloud', 'healthcare']
2023-10-16 21:08:00,109 DEBUG    root            No implementation for release track [GA] for element: [/home/as/cac/fileupload/lib/surface/commerce_procurement]
2023-10-16 21:08:00,109 DEBUG    root            No implementation for release track [GA] for element: [/home/as/cac/fileupload/lib/surface/immersive_stream]
2023-10-16 21:08:00,112 DEBUG    root            No implementation for release track [GA] for element: [/home/as/cac/fileupload/lib/surface/code]
2023-10-16 21:08:00,112 DEBUG    root            Loaded Command Group: ['gcloud', 'meta']
2023-10-16 21:08:00,114 DEBUG    root            Loaded Command Group: ['gcloud', 'access_approval']
2023-10-16 21:08:00,115 DEBUG    root            Loaded Command Group: ['gcloud', 'bigtable']
2023-10-16 21:08:00,116 DEBUG    root            No implementation for release track [GA] for element: [/home/as/cac/fileupload/lib/surface/runtime_config]
2023-10-16 21:08:00,117 DEBUG    root            Loaded Command Group: ['gcloud', 'recaptcha']
2023-10-16 21:08:00,118 DEBUG    root            Loaded Command Group: ['gcloud', 'service_directory']
2023-10-16 21:08:00,119 DEBUG    root            Loaded Command Group: ['gcloud', 'spanner']
2023-10-16 21:08:00,121 DEBUG    root            Loaded Command Group: ['gcloud', 'scheduler']
2023-10-16 21:08:00,122 DEBUG    root            Loaded Command Group: ['gcloud', 'dataflow']
2023-10-16 21:08:00,123 DEBUG    root            Loaded Command Group: ['gcloud', 'game']
2023-10-16 21:08:00,124 DEBUG    root            Loaded Command Group: ['gcloud', 'deploy']
2023-10-16 21:08:00,125 DEBUG    root            No implementation for release track [GA] for element: [/home/as/cac/fileupload/lib/surface/media]
2023-10-16 21:08:00,126 DEBUG    root            No implementation for release track [GA] for element: [/home/as/cac/fileupload/lib/surface/web_security_scanner]
2023-10-16 21:08:00,126 DEBUG    root            Loaded Command Group: ['gcloud', 'bms']
2023-10-16 21:08:00,129 DEBUG    root            Loaded Command Group: ['gcloud', 'auth']
2023-10-16 21:08:00,135 DEBUG    root            Loaded Command Group: ['gcloud', 'survey']
2023-10-16 21:08:00,175 DEBUG    root            No implementation for release track [GA] for element: [/home/as/cac/fileupload/lib/surface/kuberun]
2023-10-16 21:08:00,176 DEBUG    root            Loaded Command Group: ['gcloud', 'certificate_manager']
2023-10-16 21:08:00,177 DEBUG    root            Loaded Command Group: ['gcloud', 'redis']
2023-10-16 21:08:00,178 DEBUG    root            Loaded Command Group: ['gcloud', 'source']
2023-10-16 21:08:00,179 DEBUG    root            Loaded Command Group: ['gcloud', 'endpoints']
2023-10-16 21:08:00,180 DEBUG    root            No implementation for release track [GA] for element: [/home/as/cac/fileupload/lib/surface/batch]
2023-10-16 21:08:00,181 DEBUG    root            Loaded Command Group: ['gcloud', 'deployment_manager']
2023-10-16 21:08:00,182 DEBUG    root            Loaded Command Group: ['gcloud', 'access_context_manager']
2023-10-16 21:08:00,183 DEBUG    root            No implementation for release track [GA] for element: [/home/as/cac/fileupload/lib/surface/storage]
2023-10-16 21:08:00,184 DEBUG    root            Loaded Command Group: ['gcloud', 'firestore']
2023-10-16 21:08:00,185 DEBUG    root            Loaded Command Group: ['gcloud', 'network_services']
2023-10-16 21:08:00,186 DEBUG    root            Loaded Command Group: ['gcloud', 'sql']
2023-10-16 21:08:00,188 DEBUG    root            Loaded Command Group: ['gcloud', 'metastore']
2023-10-16 21:08:00,189 DEBUG    root            Loaded Command Group: ['gcloud', 'essential_contacts']
2023-10-16 21:08:00,190 DEBUG    root            Loaded Command Group: ['gcloud', 'ml']
2023-10-16 21:08:00,191 DEBUG    root            Loaded Command Group: ['gcloud', 'active_directory']
2023-10-16 21:08:00,192 DEBUG    root            Loaded Command Group: ['gcloud', 'composer']
2023-10-16 21:08:00,193 DEBUG    root            Loaded Command Group: ['gcloud', 'ml_engine']
