2023-10-16 21:08:50,882 DEBUG    root            Loaded Command Group: ['gcloud', 'auth']
2023-10-16 21:08:50,993 DEBUG    root            Loaded Command Group: ['gcloud', 'auth', 'login']
2023-10-16 21:08:50,996 DEBUG    root            Running [gcloud.auth.login] with arguments: []
2023-10-16 21:08:51,110 DEBUG    requests_oauthlib.oauth2_session Generated new state gcxUSkcHylQeZHXjiEwgp1p6clq3xM.
2023-10-16 21:08:51,112 INFO     ___FILE_ONLY___ Your browser has been opened to visit:

    https://accounts.google.com/o/oauth2/auth?response_type=code&client_id=32555940559.apps.googleusercontent.com&redirect_uri=http%3A%2F%2Flocalhost%3A8085%2F&scope=openid+https%3A%2F%2Fwww.googleapis.com%2Fauth%2Fuserinfo.email+https%3A%2F%2Fwww.googleapis.com%2Fauth%2Fcloud-platform+https%3A%2F%2Fwww.googleapis.com%2Fauth%2Fappengine.admin+https%3A%2F%2Fwww.googleapis.com%2Fauth%2Fsqlservice.login+https%3A%2F%2Fwww.googleapis.com%2Fauth%2Fcompute+https%3A%2F%2Fwww.googleapis.com%2Fauth%2Faccounts.reauth&state=gcxUSkcHylQeZHXjiEwgp1p6clq3xM&access_type=offline&code_challenge=G1pmasVgt_18a3M0BW4-L1wvgIoSm4B_lZnwpjxWSjg&code_challenge_method=S256


2023-10-16 21:09:10,564 INFO     google_auth_oauthlib.flow "GET /?state=gcxUSkcHylQeZHXjiEwgp1p6clq3xM&code=4/0AfJohXlJfNUnkFxcKjIw3Hd5uptuOFhLuULE8VerZLkqz3zG-Gp15GbjQcGfhz3pnvWbjA&scope=email%20openid%20https://www.googleapis.com/auth/userinfo.email%20https://www.googleapis.com/auth/cloud-platform%20https://www.googleapis.com/auth/appengine.admin%20https://www.googleapis.com/auth/sqlservice.login%20https://www.googleapis.com/auth/compute%20https://www.googleapis.com/auth/accounts.reauth&authuser=0&prompt=consent HTTP/1.1" 200 959
2023-10-16 21:09:10,565 DEBUG    requests_oauthlib.oauth2_session Requesting url https://oauth2.googleapis.com/token using method POST.
2023-10-16 21:09:10,565 DEBUG    requests_oauthlib.oauth2_session Supplying headers {b'Accept': b'application/json', b'Content-Type': b'application/x-www-form-urlencoded;charset=UTF-8', b'user-agent': b'google-cloud-sdk gcloud/395.0.0 command/gcloud.auth.login invocation-id/a2d1d7a8654f4cf896d3213f57c211b9 environment/None environment-version/None interactive/True from-script/False python/3.11.5 term/alacritty (Linux 6.1.46-1-clear-ltscurrent)'} and data {'grant_type': 'authorization_code', 'client_id': '32555940559.apps.googleusercontent.com', 'client_secret': 'ZmssLNjJy2998hD4CTg2ejr2', 'code': '4/0AfJohXlJfNUnkFxcKjIw3Hd5uptuOFhLuULE8VerZLkqz3zG-Gp15GbjQcGfhz3pnvWbjA', 'redirect_uri': 'http://localhost:8085/', 'code_verifier': 'j.gp.yRytMUyxkmOszeHiVaYbMhxPG-eVwrQLgPRrL_jaOZ5_4cieMVmNGUP1at9ZEVQMcWoq3WgUwulkA5~wjLepDmPo1xASO8hXKltgYXPPczlJ4VOQPQA2aPOPYSt'}
2023-10-16 21:09:10,565 DEBUG    requests_oauthlib.oauth2_session Passing through key word arguments {'json': None, 'timeout': None, 'auth': None, 'verify': None, 'proxies': None}.
2023-10-16 21:09:10,567 DEBUG    urllib3.connectionpool Starting new HTTPS connection (1): oauth2.googleapis.com:443
2023-10-16 21:09:10,827 DEBUG    urllib3.connectionpool https://oauth2.googleapis.com:443 "POST /token HTTP/1.1" 200 None
2023-10-16 21:09:10,827 DEBUG    requests_oauthlib.oauth2_session Prepared fetch token request body grant_type=authorization_code&client_id=32555940559.apps.googleusercontent.com&client_secret=ZmssLNjJy2998hD4CTg2ejr2&code=4%2F0AfJohXlJfNUnkFxcKjIw3Hd5uptuOFhLuULE8VerZLkqz3zG-Gp15GbjQcGfhz3pnvWbjA&redirect_uri=http%3A%2F%2Flocalhost%3A8085%2F&code_verifier=j.gp.yRytMUyxkmOszeHiVaYbMhxPG-eVwrQLgPRrL_jaOZ5_4cieMVmNGUP1at9ZEVQMcWoq3WgUwulkA5~wjLepDmPo1xASO8hXKltgYXPPczlJ4VOQPQA2aPOPYSt
2023-10-16 21:09:10,828 DEBUG    requests_oauthlib.oauth2_session Request to fetch token completed with status 200.
2023-10-16 21:09:10,828 DEBUG    requests_oauthlib.oauth2_session Request headers were {'user-agent': b'google-cloud-sdk gcloud/395.0.0 command/gcloud.auth.login invocation-id/a2d1d7a8654f4cf896d3213f57c211b9 environment/None environment-version/None interactive/True from-script/False python/3.11.5 term/alacritty (Linux 6.1.46-1-clear-ltscurrent)', 'Accept-Encoding': 'gzip, deflate', 'Accept': b'application/json', 'Connection': 'keep-alive', 'Content-Type': b'application/x-www-form-urlencoded;charset=UTF-8', 'Content-Length': '387'}
2023-10-16 21:09:10,828 DEBUG    requests_oauthlib.oauth2_session Request body was grant_type=authorization_code&client_id=32555940559.apps.googleusercontent.com&client_secret=ZmssLNjJy2998hD4CTg2ejr2&code=4%2F0AfJohXlJfNUnkFxcKjIw3Hd5uptuOFhLuULE8VerZLkqz3zG-Gp15GbjQcGfhz3pnvWbjA&redirect_uri=http%3A%2F%2Flocalhost%3A8085%2F&code_verifier=j.gp.yRytMUyxkmOszeHiVaYbMhxPG-eVwrQLgPRrL_jaOZ5_4cieMVmNGUP1at9ZEVQMcWoq3WgUwulkA5~wjLepDmPo1xASO8hXKltgYXPPczlJ4VOQPQA2aPOPYSt
2023-10-16 21:09:10,828 DEBUG    requests_oauthlib.oauth2_session Response headers were {'Cache-Control': 'no-cache, no-store, max-age=0, must-revalidate', 'Expires': 'Mon, 01 Jan 1990 00:00:00 GMT', 'Pragma': 'no-cache', 'Date': 'Mon, 16 Oct 2023 14:09:11 GMT', 'Content-Type': 'application/json; charset=utf-8', 'Vary': 'Origin, X-Origin, Referer', 'Content-Encoding': 'gzip', 'Server': 'scaffolding on HTTPServer2', 'X-XSS-Protection': '0', 'X-Frame-Options': 'SAMEORIGIN', 'X-Content-Type-Options': 'nosniff', 'Alt-Svc': 'h3=":443"; ma=2592000,h3-29=":443"; ma=2592000', 'Transfer-Encoding': 'chunked'} and content {
  "access_token": "ya29.a0AfB_byDXsGz_oCU33wAHZoIbduZ8gxLkT721q0Xg6rzhXpgeVwBETcoim1gatNbA3iz-uX08mG60ynYeDeocLdkkfwowVHyyQIlcpLrt4EZ04IpqwWd_8vJiEyn2KVxOGk97rGxX5szthH6J4x0KbPd0SGPVbEWiF6rlTekirgaCgYKAcESARMSFQGOcNnCs14k_JT8xoAro3uEQbqkuQ0177",
  "expires_in": 3599,
  "refresh_token": "1//0erlPQ8U4fK4-CgYIARAAGA4SNwF-L9Irzp8RjPZe5ZbgmGhYWdgF3GSKxYl7JZmwLHwt3hfYcTReUlxn2Dg5nixF2DAJs-7JAcw",
  "scope": "https://www.googleapis.com/auth/appengine.admin https://www.googleapis.com/auth/cloud-platform https://www.googleapis.com/auth/sqlservice.login openid https://www.googleapis.com/auth/userinfo.email https://www.googleapis.com/auth/accounts.reauth https://www.googleapis.com/auth/compute",
  "token_type": "Bearer",
  "id_token": "eyJhbGciOiJSUzI1NiIsImtpZCI6IjdkMzM0NDk3NTA2YWNiNzRjZGVlZGFhNjYxODRkMTU1NDdmODM2OTMiLCJ0eXAiOiJKV1QifQ.eyJpc3MiOiJodHRwczovL2FjY291bnRzLmdvb2dsZS5jb20iLCJhenAiOiIzMjU1NTk0MDU1OS5hcHBzLmdvb2dsZXVzZXJjb250ZW50LmNvbSIsImF1ZCI6IjMyNTU1OTQwNTU5LmFwcHMuZ29vZ2xldXNlcmNvbnRlbnQuY29tIiwic3ViIjoiMTA4MDA3Nzc2NDgwNjU5MTk3MzgzIiwiZW1haWwiOiJsbWFvYnJ1YjUxNUBnbWFpbC5jb20iLCJlbWFpbF92ZXJpZmllZCI6dHJ1ZSwiYXRfaGFzaCI6InQwSjI0X2RHNnNJVmY3V05YQ0kycXciLCJpYXQiOjE2OTc0NjUzNTEsImV4cCI6MTY5NzQ2ODk1MX0.G9HMoG4H_BmBaCTcdD-wGGCHhjvh8ttpeffccWzNVwnotJ5ENDPrUjUOJ9s6JPr8MCDgWSxOoZuQaAOh_PDnf-rU9Epa6dD5hJ5nnYReJamG87DLwR2ppMjEsuR9Ua3sJYyphJGpPzfy2uSh3ot5FnJ3SN8qVWCk9-Z9UN1oMS9ucTJ5z42JfavWBBJJsD5pRxY8NXaoYfq3nOJv-01KbOQI676YofwkDcCJ61ZquUbTMqveK3BlDSCotx8-G84qQ1pffkDl7T1Ak_nhwnX30Jno_VKcUIT47B6_GB2LJvgqYHIR_FfSe8GMnJguggFhAEW_VSGknGbaHrK0l2y6XQ"
}.
2023-10-16 21:09:10,828 DEBUG    requests_oauthlib.oauth2_session Invoking 0 token response hooks.
2023-10-16 21:09:10,828 DEBUG    requests_oauthlib.oauth2_session Obtained token {'access_token': 'ya29.a0AfB_byDXsGz_oCU33wAHZoIbduZ8gxLkT721q0Xg6rzhXpgeVwBETcoim1gatNbA3iz-uX08mG60ynYeDeocLdkkfwowVHyyQIlcpLrt4EZ04IpqwWd_8vJiEyn2KVxOGk97rGxX5szthH6J4x0KbPd0SGPVbEWiF6rlTekirgaCgYKAcESARMSFQGOcNnCs14k_JT8xoAro3uEQbqkuQ0177', 'expires_in': 3599, 'refresh_token': '1//0erlPQ8U4fK4-CgYIARAAGA4SNwF-L9Irzp8RjPZe5ZbgmGhYWdgF3GSKxYl7JZmwLHwt3hfYcTReUlxn2Dg5nixF2DAJs-7JAcw', 'scope': ['https://www.googleapis.com/auth/appengine.admin', 'https://www.googleapis.com/auth/cloud-platform', 'https://www.googleapis.com/auth/sqlservice.login', 'openid', 'https://www.googleapis.com/auth/userinfo.email', 'https://www.googleapis.com/auth/accounts.reauth', 'https://www.googleapis.com/auth/compute'], 'token_type': 'Bearer', 'id_token': 'eyJhbGciOiJSUzI1NiIsImtpZCI6IjdkMzM0NDk3NTA2YWNiNzRjZGVlZGFhNjYxODRkMTU1NDdmODM2OTMiLCJ0eXAiOiJKV1QifQ.eyJpc3MiOiJodHRwczovL2FjY291bnRzLmdvb2dsZS5jb20iLCJhenAiOiIzMjU1NTk0MDU1OS5hcHBzLmdvb2dsZXVzZXJjb250ZW50LmNvbSIsImF1ZCI6IjMyNTU1OTQwNTU5LmFwcHMuZ29vZ2xldXNlcmNvbnRlbnQuY29tIiwic3ViIjoiMTA4MDA3Nzc2NDgwNjU5MTk3MzgzIiwiZW1haWwiOiJsbWFvYnJ1YjUxNUBnbWFpbC5jb20iLCJlbWFpbF92ZXJpZmllZCI6dHJ1ZSwiYXRfaGFzaCI6InQwSjI0X2RHNnNJVmY3V05YQ0kycXciLCJpYXQiOjE2OTc0NjUzNTEsImV4cCI6MTY5NzQ2ODk1MX0.G9HMoG4H_BmBaCTcdD-wGGCHhjvh8ttpeffccWzNVwnotJ5ENDPrUjUOJ9s6JPr8MCDgWSxOoZuQaAOh_PDnf-rU9Epa6dD5hJ5nnYReJamG87DLwR2ppMjEsuR9Ua3sJYyphJGpPzfy2uSh3ot5FnJ3SN8qVWCk9-Z9UN1oMS9ucTJ5z42JfavWBBJJsD5pRxY8NXaoYfq3nOJv-01KbOQI676YofwkDcCJ61ZquUbTMqveK3BlDSCotx8-G84qQ1pffkDl7T1Ak_nhwnX30Jno_VKcUIT47B6_GB2LJvgqYHIR_FfSe8GMnJguggFhAEW_VSGknGbaHrK0l2y6XQ', 'expires_at': 1697468949.828505}.
2023-10-16 21:09:10,843 INFO     ___FILE_ONLY___ 
You are now logged in as [lmaobrub515@gmail.com].
Your current project is [None].  You can change this setting by running:
  $ gcloud config set project PROJECT_ID

2023-10-16 21:09:10,844 INFO     root            Display format: "none"
2023-10-16 21:09:10,846 DEBUG    root            Checking for updates...
2023-10-16 21:09:10,848 DEBUG    urllib3.connectionpool Starting new HTTPS connection (1): dl.google.com:443
2023-10-16 21:09:11,021 DEBUG    urllib3.connectionpool https://dl.google.com:443 "GET /dl/cloudsdk/channels/rapid/components-2.json HTTP/1.1" 200 209941
2023-10-16 21:09:11,309 DEBUG    root            Updating notification cache...
2023-10-16 21:09:11,309 DEBUG    root            Activating notification: [default]
2023-10-16 21:09:11,309 INFO     ___FILE_ONLY___ 

Updates are available for some Google Cloud CLI components.  To install them,
please run:
  $ gcloud components update


