2023-10-16 21:08:11,287 ERROR    root            (gcloud) Command name argument expected.
2023-10-16 21:08:11,304 DEBUG    root            Loaded Command Group: ['gcloud', 'ml_engine']
2023-10-16 21:08:11,305 DEBUG    root            Loaded Command Group: ['gcloud', 'endpoints']
2023-10-16 21:08:11,307 DEBUG    root            Loaded Command Group: ['gcloud', 'meta']
2023-10-16 21:08:11,309 DEBUG    root            No implementation for release track [GA] for element: [/home/as/cac/fileupload/lib/surface/code]
2023-10-16 21:08:11,309 DEBUG    root            Loaded Command Group: ['gcloud', 'resource_settings']
2023-10-16 21:08:11,310 DEBUG    root            Loaded Command Group: ['gcloud', 'scheduler']
2023-10-16 21:08:11,311 DEBUG    root            Loaded Command Group: ['gcloud', 'resource_manager']
2023-10-16 21:08:11,312 DEBUG    root            No implementation for release track [GA] for element: [/home/as/cac/fileupload/lib/surface/resource_config]
2023-10-16 21:08:11,312 DEBUG    root            Loaded Command Group: ['gcloud', 'workflows']
2023-10-16 21:08:11,313 DEBUG    root            No implementation for release track [GA] for element: [/home/as/cac/fileupload/lib/surface/trace]
2023-10-16 21:08:11,314 DEBUG    root            Loaded Command Group: ['gcloud', 'run']
2023-10-16 21:08:11,315 DEBUG    root            Loaded Command Group: ['gcloud', 'billing']
2023-10-16 21:08:11,315 DEBUG    root            Loaded Command Group: ['gcloud', 'filestore']
2023-10-16 21:08:11,316 DEBUG    root            Loaded Command Group: ['gcloud', 'policy_troubleshoot']
2023-10-16 21:08:11,317 DEBUG    root            Loaded Command Group: ['gcloud', 'recaptcha']
2023-10-16 21:08:11,318 DEBUG    root            Loaded Command Group: ['gcloud', 'cheat_sheet']
2023-10-16 21:08:11,319 DEBUG    root            Loaded Command Group: ['gcloud', 'bigtable']
2023-10-16 21:08:11,320 DEBUG    root            Loaded Command Group: ['gcloud', 'transfer']
2023-10-16 21:08:11,321 DEBUG    root            Loaded Command Group: ['gcloud', 'organizations']
2023-10-16 21:08:11,322 DEBUG    root            Loaded Command Group: ['gcloud', 'apigee']
2023-10-16 21:08:11,323 DEBUG    root            Loaded Command Group: ['gcloud', 'logging']
2023-10-16 21:08:11,324 DEBUG    root            No implementation for release track [GA] for element: [/home/as/cac/fileupload/lib/surface/alloydb]
2023-10-16 21:08:11,324 DEBUG    root            Loaded Command Group: ['gcloud', 'data_catalog']
2023-10-16 21:08:11,325 DEBUG    root            No implementation for release track [GA] for element: [/home/as/cac/fileupload/lib/surface/media]
2023-10-16 21:08:11,325 DEBUG    root            Loaded Command Group: ['gcloud', 'asset']
2023-10-16 21:08:11,326 DEBUG    root            Loaded Command Group: ['gcloud', 'recommender']
2023-10-16 21:08:11,329 DEBUG    root            Loaded Command Group: ['gcloud', 'survey']
2023-10-16 21:08:11,329 DEBUG    root            No implementation for release track [GA] for element: [/home/as/cac/fileupload/lib/surface/blueprints]
2023-10-16 21:08:11,330 DEBUG    root            Loaded Command Group: ['gcloud', 'datastream']
2023-10-16 21:08:11,331 DEBUG    root            Loaded Command Group: ['gcloud', 'composer']
2023-10-16 21:08:11,331 DEBUG    root            Loaded Command Group: ['gcloud', 'network_connectivity']
2023-10-16 21:08:11,332 DEBUG    root            Loaded Command Group: ['gcloud', 'iap']
2023-10-16 21:08:11,333 DEBUG    root            Loaded Command Group: ['gcloud', 'scc']
2023-10-16 21:08:11,346 DEBUG    root            No implementation for release track [GA] for element: [/home/as/cac/fileupload/lib/surface/events]
2023-10-16 21:08:11,347 DEBUG    root            Loaded Command Group: ['gcloud', 'monitoring']
2023-10-16 21:08:11,349 DEBUG    root            Loaded Command Group: ['gcloud', 'init']
2023-10-16 21:08:11,350 DEBUG    root            No implementation for release track [GA] for element: [/home/as/cac/fileupload/lib/surface/batch]
2023-10-16 21:08:11,351 DEBUG    root            Loaded Command Group: ['gcloud', 'kms']
2023-10-16 21:08:11,352 DEBUG    root            Loaded Command Group: ['gcloud', 'builds']
2023-10-16 21:08:11,353 DEBUG    root            No implementation for release track [GA] for element: [/home/as/cac/fileupload/lib/surface/terraform]
2023-10-16 21:08:11,355 DEBUG    root            Loaded Command Group: ['gcloud', 'help']
2023-10-16 21:08:11,356 DEBUG    root            Loaded Command Group: ['gcloud', 'eventarc']
2023-10-16 21:08:11,357 DEBUG    root            Loaded Command Group: ['gcloud', 'edge_cloud']
2023-10-16 21:08:11,358 DEBUG    root            Loaded Command Group: ['gcloud', 'app']
2023-10-16 21:08:11,359 DEBUG    root            Loaded Command Group: ['gcloud', 'identity']
2023-10-16 21:08:11,360 DEBUG    root            Loaded Command Group: ['gcloud', 'network_management']
2023-10-16 21:08:11,361 DEBUG    root            No implementation for release track [GA] for element: [/home/as/cac/fileupload/lib/surface/publicca]
2023-10-16 21:08:11,361 DEBUG    root            Loaded Command Group: ['gcloud', 'edge_cache']
2023-10-16 21:08:11,362 DEBUG    root            Loaded Command Group: ['gcloud', 'dataproc']
2023-10-16 21:08:11,363 DEBUG    root            Loaded Command Group: ['gcloud', 'memcache']
2023-10-16 21:08:11,363 DEBUG    root            No implementation for release track [GA] for element: [/home/as/cac/fileupload/lib/surface/workstations]
2023-10-16 21:08:11,364 DEBUG    root            Loaded Command Group: ['gcloud', 'network_services']
2023-10-16 21:08:11,365 DEBUG    root            No implementation for release track [GA] for element: [/home/as/cac/fileupload/lib/surface/commerce_procurement]
2023-10-16 21:08:11,365 DEBUG    root            Loaded Command Group: ['gcloud', 'metastore']
2023-10-16 21:08:11,366 DEBUG    root            Loaded Command Group: ['gcloud', 'components']
2023-10-16 21:08:11,367 DEBUG    root            Loaded Command Group: ['gcloud', 'iam']
2023-10-16 21:08:11,368 DEBUG    root            Loaded Command Group: ['gcloud', 'projects']
2023-10-16 21:08:11,368 DEBUG    root            Loaded Command Group: ['gcloud', 'artifacts']
2023-10-16 21:08:11,369 DEBUG    root            Loaded Command Group: ['gcloud', 'emulators']
2023-10-16 21:08:11,370 DEBUG    root            Loaded Command Group: ['gcloud', 'dataplex']
2023-10-16 21:08:11,372 DEBUG    root            Loaded Command Group: ['gcloud', 'functions']
2023-10-16 21:08:11,373 DEBUG    root            Loaded Command Group: ['gcloud', 'access_context_manager']
2023-10-16 21:08:11,374 DEBUG    root            Loaded Command Group: ['gcloud', 'database_migration']
2023-10-16 21:08:11,375 DEBUG    root            Loaded Command Group: ['gcloud', 'firebase']
2023-10-16 21:08:11,375 DEBUG    root            Loaded Command Group: ['gcloud', 'topic']
2023-10-16 21:08:11,376 DEBUG    root            Loaded Command Group: ['gcloud', 'version']
2023-10-16 21:08:11,377 DEBUG    root            No implementation for release track [GA] for element: [/home/as/cac/fileupload/lib/surface/web_security_scanner]
2023-10-16 21:08:11,377 DEBUG    root            Loaded Command Group: ['gcloud', 'vmware']
2023-10-16 21:08:11,378 DEBUG    root            Loaded Command Group: ['gcloud', 'privateca']
2023-10-16 21:08:11,380 DEBUG    root            Loaded Command Group: ['gcloud', 'docker']
2023-10-16 21:08:11,381 DEBUG    root            Loaded Command Group: ['gcloud', 'network_security']
2023-10-16 21:08:11,382 DEBUG    root            Loaded Command Group: ['gcloud', 'source']
2023-10-16 21:08:11,384 DEBUG    root            Loaded Command Group: ['gcloud', 'info']
2023-10-16 21:08:11,386 DEBUG    root            Loaded Command Group: ['gcloud', 'debug']
2023-10-16 21:08:11,386 DEBUG    root            Loaded Command Group: ['gcloud', 'anthos']
2023-10-16 21:08:11,387 DEBUG    root            Loaded Command Group: ['gcloud', 'org_policies']
2023-10-16 21:08:11,388 DEBUG    root            Loaded Command Group: ['gcloud', 'workspace_add_ons']
2023-10-16 21:08:11,390 DEBUG    root            Loaded Command Group: ['gcloud', 'auth']
2023-10-16 21:08:11,391 DEBUG    root            Loaded Command Group: ['gcloud', 'deploy']
2023-10-16 21:08:11,392 DEBUG    root            Loaded Command Group: ['gcloud', 'iot']
2023-10-16 21:08:11,392 DEBUG    root            Loaded Command Group: ['gcloud', 'datastore']
2023-10-16 21:08:11,393 DEBUG    root            No implementation for release track [GA] for element: [/home/as/cac/fileupload/lib/surface/kuberun]
2023-10-16 21:08:11,394 DEBUG    root            Loaded Command Group: ['gcloud', 'policy_intelligence']
2023-10-16 21:08:11,394 DEBUG    root            Loaded Command Group: ['gcloud', 'access_approval']
2023-10-16 21:08:11,395 DEBUG    root            Loaded Command Group: ['gcloud', 'notebooks']
2023-10-16 21:08:11,396 DEBUG    root            No implementation for release track [GA] for element: [/home/as/cac/fileupload/lib/surface/dlp]
2023-10-16 21:08:11,396 DEBUG    root            Loaded Command Group: ['gcloud', 'assured']
2023-10-16 21:08:11,397 DEBUG    root            No implementation for release track [GA] for element: [/home/as/cac/fileupload/lib/surface/remote_build_execution]
2023-10-16 21:08:11,397 DEBUG    root            No implementation for release track [GA] for element: [/home/as/cac/fileupload/lib/surface/runtime_config]
2023-10-16 21:08:11,398 DEBUG    root            Loaded Command Group: ['gcloud', 'redis']
2023-10-16 21:08:11,398 DEBUG    root            Loaded Command Group: ['gcloud', 'pubsub']
2023-10-16 21:08:11,399 DEBUG    root            Loaded Command Group: ['gcloud', 'healthcare']
2023-10-16 21:08:11,400 DEBUG    root            No implementation for release track [GA] for element: [/home/as/cac/fileupload/lib/surface/storage]
2023-10-16 21:08:11,431 DEBUG    root            No implementation for release track [GA] for element: [/home/as/cac/fileupload/lib/surface/interactive]
2023-10-16 21:08:11,432 DEBUG    root            Loaded Command Group: ['gcloud', 'domains']
2023-10-16 21:08:11,433 DEBUG    root            Loaded Command Group: ['gcloud', 'transcoder']
2023-10-16 21:08:11,433 DEBUG    root            Loaded Command Group: ['gcloud', 'secrets']
2023-10-16 21:08:11,434 DEBUG    root            Loaded Command Group: ['gcloud', 'certificate_manager']
2023-10-16 21:08:11,435 DEBUG    root            Loaded Command Group: ['gcloud', 'ml']
2023-10-16 21:08:11,436 DEBUG    root            Loaded Command Group: ['gcloud', 'ai']
2023-10-16 21:08:11,437 DEBUG    root            Loaded Command Group: ['gcloud', 'api_gateway']
2023-10-16 21:08:11,438 DEBUG    root            Loaded Command Group: ['gcloud', 'game']
2023-10-16 21:08:11,438 DEBUG    root            No implementation for release track [GA] for element: [/home/as/cac/fileupload/lib/surface/immersive_stream]
2023-10-16 21:08:11,439 DEBUG    root            Loaded Command Group: ['gcloud', 'service_directory']
2023-10-16 21:08:11,441 DEBUG    root            Loaded Command Group: ['gcloud', 'dataflow']
2023-10-16 21:08:11,442 DEBUG    root            Loaded Command Group: ['gcloud', 'sql']
2023-10-16 21:08:11,442 DEBUG    root            Loaded Command Group: ['gcloud', 'tasks']
2023-10-16 21:08:11,443 DEBUG    root            Loaded Command Group: ['gcloud', 'deployment_manager']
2023-10-16 21:08:11,459 DEBUG    root            Loaded Command Group: ['gcloud', 'compute']
2023-10-16 21:08:11,461 DEBUG    root            Loaded Command Group: ['gcloud', 'active_directory']
2023-10-16 21:08:11,462 DEBUG    root            No implementation for release track [GA] for element: [/home/as/cac/fileupload/lib/surface/data_fusion]
2023-10-16 21:08:11,462 DEBUG    root            No implementation for release track [GA] for element: [/home/as/cac/fileupload/lib/surface/bq]
2023-10-16 21:08:11,463 DEBUG    root            Loaded Command Group: ['gcloud', 'feedback']
2023-10-16 21:08:11,463 DEBUG    root            Loaded Command Group: ['gcloud', 'firestore']
2023-10-16 21:08:11,464 DEBUG    root            Loaded Command Group: ['gcloud', 'essential_contacts']
2023-10-16 21:08:11,465 DEBUG    root            Loaded Command Group: ['gcloud', 'bms']
2023-10-16 21:08:11,466 DEBUG    root            Loaded Command Group: ['gcloud', 'ids']
2023-10-16 21:08:11,467 DEBUG    root            No implementation for release track [GA] for element: [/home/as/cac/fileupload/lib/surface/datapipelines]
2023-10-16 21:08:11,467 DEBUG    root            Loaded Command Group: ['gcloud', 'dns']
2023-10-16 21:08:11,468 DEBUG    root            No implementation for release track [GA] for element: [/home/as/cac/fileupload/lib/surface/genomics]
2023-10-16 21:08:11,468 DEBUG    root            Loaded Command Group: ['gcloud', 'ai_platform']
2023-10-16 21:08:11,470 DEBUG    root            Loaded Command Group: ['gcloud', 'config']
2023-10-16 21:08:11,471 DEBUG    root            Loaded Command Group: ['gcloud', 'cloud_shell']
2023-10-16 21:08:11,472 DEBUG    root            Loaded Command Group: ['gcloud', 'services']
2023-10-16 21:08:11,472 DEBUG    root            No implementation for release track [GA] for element: [/home/as/cac/fileupload/lib/surface/error_reporting]
2023-10-16 21:08:11,473 DEBUG    root            No implementation for release track [GA] for element: [/home/as/cac/fileupload/lib/surface/lifesciences]
2023-10-16 21:08:11,473 DEBUG    root            Loaded Command Group: ['gcloud', 'spanner']
2023-10-16 21:08:11,474 DEBUG    root            No implementation for release track [GA] for element: [/home/as/cac/fileupload/lib/surface/beyondcorp]
2023-10-16 21:08:11,474 DEBUG    root            No implementation for release track [GA] for element: [/home/as/cac/fileupload/lib/surface/dialogflow]
